# JRE version: Java(TM) SE Runtime Environment (8.0_201-b09) (build 1.8.0_201-b09)
# Java VM: Java HotSpot(TM) 64-Bit Server VM (25.201-b09 mixed mode linux-amd64 compressed oops)
Heap:
 PSYoungGen      total 386560K, used 54766K [0x00000000d6e00000, 0x00000000fea80000, 0x0000000100000000)
  eden space 162304K, 0% used [0x00000000d6e00000,0x00000000d6e00000,0x00000000e0c80000)
  from space 224256K, 24% used [0x00000000e0c80000,0x00000000e41fb868,0x00000000ee780000)
  to   space 224256K, 0% used [0x00000000f0f80000,0x00000000f0f80000,0x00000000fea80000)
 ParOldGen       total 991232K, used 990894K [0x0000000084a00000, 0x00000000c1200000, 0x00000000d6e00000)
  object space 991232K, 99% used [0x0000000084a00000,0x00000000c11aba38,0x00000000c1200000)
 Metaspace       used 19435K, capacity 20214K, committed 20352K, reserved 1067008K
  class space    used 2669K, capacity 2860K, committed 2944K, reserved 1048576K
GC Heap History (10 events):
Event: 39.400 GC heap after
Heap after GC invocations=18 (full 4):
 PSYoungGen      total 337920K, used 139088K [0x00000000d6e00000, 0x00000000f9480000, 0x0000000100000000)
  eden space 115200K, 0% used [0x00000000d6e00000,0x00000000d6e00000,0x00000000dde80000)
  from space 222720K, 62% used [0x00000000ebb00000,0x00000000f42d43c8,0x00000000f9480000)
  to   space 224256K, 0% used [0x00000000dde80000,0x00000000dde80000,0x00000000eb980000)
 ParOldGen       total 693760K, used 567180K [0x0000000084a00000, 0x00000000aef80000, 0x00000000d6e00000)
  object space 693760K, 81% used [0x0000000084a00000,0x00000000a73e3260,0x00000000aef80000)
 Metaspace       used 19435K, capacity 20214K, committed 20352K, reserved 1067008K
  class space    used 2669K, capacity 2860K, committed 2944K, reserved 1048576K
}
Event: 39.724 GC heap before
{Heap before GC invocations=19 (full 4):
 PSYoungGen      total 337920K, used 254288K [0x00000000d6e00000, 0x00000000f9480000, 0x0000000100000000)
  eden space 115200K, 100% used [0x00000000d6e00000,0x00000000dde80000,0x00000000dde80000)
  from space 222720K, 62% used [0x00000000ebb00000,0x00000000f42d43c8,0x00000000f9480000)
  to   space 224256K, 0% used [0x00000000dde80000,0x00000000dde80000,0x00000000eb980000)
 ParOldGen       total 693760K, used 567180K [0x0000000084a00000, 0x00000000aef80000, 0x00000000d6e00000)
  object space 693760K, 81% used [0x0000000084a00000,0x00000000a73e3260,0x00000000aef80000)
 Metaspace       used 19435K, capacity 20214K, committed 20352K, reserved 1067008K
  class space    used 2669K, capacity 2860K, committed 2944K, reserved 1048576K
Event: 41.820 GC heap after
Heap after GC invocations=19 (full 4):
 PSYoungGen      total 339456K, used 100960K [0x00000000d6e00000, 0x00000000fc700000, 0x0000000100000000)
  eden space 115200K, 0% used [0x00000000d6e00000,0x00000000d6e00000,0x00000000dde80000)
  from space 224256K, 45% used [0x00000000dde80000,0x00000000e4118000,0x00000000eb980000)
  to   space 224256K, 0% used [0x00000000eec00000,0x00000000eec00000,0x00000000fc700000)
 ParOldGen       total 707584K, used 707445K [0x0000000084a00000, 0x00000000afd00000, 0x00000000d6e00000)
  object space 707584K, 99% used [0x0000000084a00000,0x00000000afcdd628,0x00000000afd00000)
 Metaspace       used 19435K, capacity 20214K, committed 20352K, reserved 1067008K
  class space    used 2669K, capacity 2860K, committed 2944K, reserved 1048576K
}
Event: 41.820 GC heap before
{Heap before GC invocations=20 (full 5):
 PSYoungGen      total 339456K, used 100960K [0x00000000d6e00000, 0x00000000fc700000, 0x0000000100000000)
  eden space 115200K, 0% used [0x00000000d6e00000,0x00000000d6e00000,0x00000000dde80000)
  from space 224256K, 45% used [0x00000000dde80000,0x00000000e4118000,0x00000000eb980000)
  to   space 224256K, 0% used [0x00000000eec00000,0x00000000eec00000,0x00000000fc700000)
 ParOldGen       total 707584K, used 707445K [0x0000000084a00000, 0x00000000afd00000, 0x00000000d6e00000)
  object space 707584K, 99% used [0x0000000084a00000,0x00000000afcdd628,0x00000000afd00000)
 Metaspace       used 19435K, capacity 20214K, committed 20352K, reserved 1067008K
  class space    used 2669K, capacity 2860K, committed 2944K, reserved 1048576K
Event: 44.786 GC heap after
Heap after GC invocations=20 (full 5):
 PSYoungGen      total 339456K, used 97525K [0x00000000d6e00000, 0x00000000fc700000, 0x0000000100000000)
  eden space 115200K, 0% used [0x00000000d6e00000,0x00000000d6e00000,0x00000000dde80000)
  from space 224256K, 43% used [0x00000000dde80000,0x00000000e3dbd438,0x00000000eb980000)
  to   space 224256K, 0% used [0x00000000eec00000,0x00000000eec00000,0x00000000fc700000)
 ParOldGen       total 991232K, used 707367K [0x0000000084a00000, 0x00000000c1200000, 0x00000000d6e00000)
  object space 991232K, 71% used [0x0000000084a00000,0x00000000afcc9ed8,0x00000000c1200000)
 Metaspace       used 19435K, capacity 20214K, committed 20352K, reserved 1067008K
  class space    used 2669K, capacity 2860K, committed 2944K, reserved 1048576K
}
Event: 44.872 GC heap before
{Heap before GC invocations=21 (full 5):
 PSYoungGen      total 339456K, used 212725K [0x00000000d6e00000, 0x00000000fc700000, 0x0000000100000000)
  eden space 115200K, 100% used [0x00000000d6e00000,0x00000000dde80000,0x00000000dde80000)
  from space 224256K, 43% used [0x00000000dde80000,0x00000000e3dbd438,0x00000000eb980000)
  to   space 224256K, 0% used [0x00000000eec00000,0x00000000eec00000,0x00000000fc700000)
 ParOldGen       total 991232K, used 707367K [0x0000000084a00000, 0x00000000c1200000, 0x00000000d6e00000)
  object space 991232K, 71% used [0x0000000084a00000,0x00000000afcc9ed8,0x00000000c1200000)
 Metaspace       used 19435K, capacity 20214K, committed 20352K, reserved 1067008K
  class space    used 2669K, capacity 2860K, committed 2944K, reserved 1048576K
Event: 47.754 GC heap after
Heap after GC invocations=21 (full 5):
 PSYoungGen      total 381952K, used 101112K [0x00000000d6e00000, 0x00000000fc280000, 0x0000000100000000)
  eden space 162304K, 0% used [0x00000000d6e00000,0x00000000d6e00000,0x00000000e0c80000)
  from space 219648K, 46% used [0x00000000eec00000,0x00000000f4ebe090,0x00000000fc280000)
  to   space 224256K, 0% used [0x00000000e0c80000,0x00000000e0c80000,0x00000000ee780000)
 ParOldGen       total 991232K, used 806079K [0x0000000084a00000, 0x00000000c1200000, 0x00000000d6e00000)
  object space 991232K, 81% used [0x0000000084a00000,0x00000000b5d2fed8,0x00000000c1200000)
 Metaspace       used 19435K, capacity 20214K, committed 20352K, reserved 1067008K
  class space    used 2669K, capacity 2860K, committed 2944K, reserved 1048576K
}
Event: 52.803 GC heap before
{Heap before GC invocations=22 (full 5):
 PSYoungGen      total 381952K, used 263416K [0x00000000d6e00000, 0x00000000fc280000, 0x0000000100000000)
  eden space 162304K, 100% used [0x00000000d6e00000,0x00000000e0c80000,0x00000000e0c80000)
  from space 219648K, 46% used [0x00000000eec00000,0x00000000f4ebe090,0x00000000fc280000)
  to   space 224256K, 0% used [0x00000000e0c80000,0x00000000e0c80000,0x00000000ee780000)
 ParOldGen       total 991232K, used 806079K [0x0000000084a00000, 0x00000000c1200000, 0x00000000d6e00000)
  object space 991232K, 81% used [0x0000000084a00000,0x00000000b5d2fed8,0x00000000c1200000)
 Metaspace       used 19435K, capacity 20214K, committed 20352K, reserved 1067008K
  class space    used 2669K, capacity 2860K, committed 2944K, reserved 1048576K
Event: 56.163 GC heap after
Heap after GC invocations=22 (full 5):
 PSYoungGen      total 386560K, used 142544K [0x00000000d6e00000, 0x00000000fea80000, 0x0000000100000000)
  eden space 162304K, 0% used [0x00000000d6e00000,0x00000000d6e00000,0x00000000e0c80000)
  from space 224256K, 63% used [0x00000000e0c80000,0x00000000e97b40c0,0x00000000ee780000)
  to   space 224256K, 0% used [0x00000000f0f80000,0x00000000f0f80000,0x00000000fea80000)
 ParOldGen       total 991232K, used 908191K [0x0000000084a00000, 0x00000000c1200000, 0x00000000d6e00000)
  object space 991232K, 91% used [0x0000000084a00000,0x00000000bc0e7f68,0x00000000c1200000)
 Metaspace       used 19435K, capacity 20214K, committed 20352K, reserved 1067008K
  class space    used 2669K, capacity 2860K, committed 2944K, reserved 1048576K
}
Event: 56.163 GC heap before
{Heap before GC invocations=23 (full 6):
 PSYoungGen      total 386560K, used 142544K [0x00000000d6e00000, 0x00000000fea80000, 0x0000000100000000)
  eden space 162304K, 0% used [0x00000000d6e00000,0x00000000d6e00000,0x00000000e0c80000)
  from space 224256K, 63% used [0x00000000e0c80000,0x00000000e97b40c0,0x00000000ee780000)
  to   space 224256K, 0% used [0x00000000f0f80000,0x00000000f0f80000,0x00000000fea80000)
 ParOldGen       total 991232K, used 908191K [0x0000000084a00000, 0x00000000c1200000, 0x00000000d6e00000)
  object space 991232K, 91% used [0x0000000084a00000,0x00000000bc0e7f68,0x00000000c1200000)
 Metaspace       used 19435K, capacity 20214K, committed 20352K, reserved 1067008K
  class space    used 2669K, capacity 2860K, committed 2944K, reserved 1048576K

